2025-11-27 09:41:50,799 - INFO - ============================================================
2025-11-27 09:41:50,799 - INFO - GNSS ERROR FORECASTING PIPELINE
2025-11-27 09:41:50,800 - INFO - ============================================================
2025-11-27 09:41:50,800 - INFO - Mode: all
2025-11-27 09:41:50,800 - INFO - Data folder: data
2025-11-27 09:41:50,800 - INFO - Environment: {
  "timestamp": "2025-11-27T09:41:50.800302",
  "python_version": "3.11.2 (tags/v3.11.2:878ead1, Feb  7 2023, 16:38:35) [MSC v.1934 64 bit (AMD64)]",
  "pandas_version": "2.3.3",
  "numpy_version": "1.26.4"
}
2025-11-27 09:41:50,800 - INFO - ============================================================
2025-11-27 09:41:50,800 - INFO - PREPROCESSING PIPELINE
2025-11-27 09:41:50,800 - INFO - ============================================================
2025-11-27 09:41:50,807 - INFO - Loaded GEO data: 142 records from data\DATA_GEO_Train.csv
2025-11-27 09:41:50,809 - INFO - Loaded MEO data: 90 records from data\DATA_MEO_Train.csv
2025-11-27 09:41:50,811 - INFO - Loaded MEO data: 244 records from data\DATA_MEO_Train2.csv
2025-11-27 09:41:50,812 - INFO - Combined MEO data: 334 total records
2025-11-27 09:41:50,813 - INFO - 
Processing GEO data...
2025-11-27 09:41:50,816 - INFO - 
  Satellite: GEO_01
2025-11-27 09:41:50,822 - INFO - Resampled to 648 15-minute intervals
2025-11-27 09:41:50,824 - INFO - Train: 628 records (until 2025-09-07 18:45:00)
2025-11-27 09:41:50,824 - INFO - Test: 0 records (from 2025-09-08 00:00:00)
2025-11-27 09:41:50,824 - INFO - Train data with measurements: 361 of 628
2025-11-27 09:41:50,852 - INFO -   Saved to temp\GEO_01_timeseries.parquet
2025-11-27 09:41:50,852 - INFO - 
Processing MEO data...
2025-11-27 09:41:50,855 - WARNING - Found 145 duplicate timestamps, averaging values
2025-11-27 09:41:50,858 - INFO - 
  Satellite: MEO_01
2025-11-27 09:41:50,863 - INFO - Resampled to 760 15-minute intervals
2025-11-27 09:41:50,865 - INFO - Train: 719 records (until 2025-09-09 01:30:00)
2025-11-27 09:41:50,865 - INFO - Test: 144 records (from 2025-09-08 00:00:00)
2025-11-27 09:41:50,865 - INFO - Train data with measurements: 215 of 719
2025-11-27 09:41:50,873 - INFO -   Saved to temp\MEO_01_timeseries.parquet
2025-11-27 09:41:50,873 - INFO - 
[OK] Preprocessed 2 satellites
2025-11-27 09:41:50,874 - INFO - 
============================================================
2025-11-27 09:41:50,874 - INFO - TRAINING KALMAN FILTERS
2025-11-27 09:41:50,874 - INFO - ============================================================
2025-11-27 09:41:50,874 - INFO - 
Training GEO_01...
2025-11-27 09:41:50,874 - INFO - Starting Q/R tuning via grid search...
2025-11-27 09:41:50,874 - INFO -   Train subset: 533, Validation: 95
2025-11-27 09:41:50,876 - INFO - Estimated R diagonal: [5.364044031511646, 9.811296045645747, 8.602587265813659, 6.323725323989246]
2025-11-27 09:41:50,912 - INFO -   Q_scale=  0.01, MAE=7.053792
2025-11-27 09:41:50,944 - INFO -   Q_scale=  0.10, MAE=7.053519
2025-11-27 09:41:50,978 - INFO -   Q_scale=  1.00, MAE=7.053488
2025-11-27 09:41:51,008 - INFO -   Q_scale= 10.00, MAE=7.053443
2025-11-27 09:41:51,042 - INFO -   Q_scale=100.00, MAE=7.053025
2025-11-27 09:41:51,042 - INFO - [OK] Best Q scale found, Validation MAE: 7.053025
2025-11-27 09:41:51,043 - INFO - Saved model parameters for GEO_01 to models\kalman_params_GEO_01.pkl
2025-11-27 09:41:51,044 - INFO - [OK] GEO_01 training complete
2025-11-27 09:41:51,044 - INFO - 
Training MEO_01...
2025-11-27 09:41:51,044 - INFO - Starting Q/R tuning via grid search...
2025-11-27 09:41:51,045 - INFO -   Train subset: 611, Validation: 108
2025-11-27 09:41:51,046 - INFO - Estimated R diagonal: [0.07150409166577387, 0.21102824615916205, 0.3483652297653239, 0.10026700927611389]
2025-11-27 09:41:51,068 - INFO -   Q_scale=  0.01, MAE=inf
2025-11-27 09:41:51,092 - INFO -   Q_scale=  0.10, MAE=inf
2025-11-27 09:41:51,120 - INFO -   Q_scale=  1.00, MAE=inf
2025-11-27 09:41:51,144 - INFO -   Q_scale= 10.00, MAE=inf
2025-11-27 09:41:51,172 - INFO -   Q_scale=100.00, MAE=inf
2025-11-27 09:41:51,172 - WARNING -   Grid search failed, using defaults
2025-11-27 09:41:51,173 - INFO - [OK] Best Q scale found, Validation MAE: inf
2025-11-27 09:41:51,177 - INFO - Saved model parameters for MEO_01 to models\kalman_params_MEO_01.pkl
2025-11-27 09:41:51,177 - INFO - [OK] MEO_01 training complete
2025-11-27 09:41:51,177 - INFO - 
[OK] Trained 2 satellites
2025-11-27 09:41:51,178 - INFO - 
============================================================
2025-11-27 09:41:51,178 - INFO - GENERATING DAY 8 PREDICTIONS
2025-11-27 09:41:51,178 - INFO - ============================================================
2025-11-27 09:41:51,197 - INFO - Generating Day 8 forecast for GEO_01...
2025-11-27 09:41:51,302 - INFO -   Generated 96 predictions
2025-11-27 09:41:51,314 - INFO - Generating Day 8 forecast for MEO_01...
2025-11-27 09:41:51,394 - INFO -   Generated 96 predictions
2025-11-27 09:41:51,398 - INFO - [OK] Saved GEO predictions to outputs\predictions_day8_geo.csv
2025-11-27 09:41:51,402 - INFO - [OK] Saved MEO predictions to outputs\predictions_day8_meo.csv
2025-11-27 09:41:51,402 - INFO - 
============================================================
2025-11-27 09:41:51,402 - INFO - EVALUATION
2025-11-27 09:41:51,403 - INFO - ============================================================
2025-11-27 09:41:51,403 - WARNING - No test data for GEO_01
2025-11-27 09:41:51,404 - INFO - Evaluating MEO_01...
2025-11-27 09:41:51,406 - WARNING -   No matching timestamps for evaluation
2025-11-27 09:41:51,406 - INFO - 
Generating plots...
2025-11-27 09:41:52,239 - INFO -   Saved plot to results\figures\GEO_01_predictions.png
2025-11-27 09:41:52,886 - INFO -   Saved plot to results\figures\MEO_01_predictions.png
2025-11-27 09:41:52,888 - INFO - Saved README to outputs/README_autogenerated.txt
2025-11-27 09:41:52,888 - INFO - 
============================================================
2025-11-27 09:41:52,888 - INFO - PIPELINE COMPLETE
2025-11-27 09:41:52,888 - INFO - ============================================================
2025-11-27 09:41:52,888 - INFO - [OK] Processed 2 satellites
2025-11-27 09:41:52,888 - INFO - Outputs: outputs/, models/, results/
2025-11-27 09:41:52,888 - INFO - ============================================================
2025-11-27 09:44:09,775 - INFO - ============================================================
2025-11-27 09:44:09,775 - INFO - GNSS ERROR FORECASTING PIPELINE
2025-11-27 09:44:09,775 - INFO - ============================================================
2025-11-27 09:44:09,775 - INFO - Mode: all
2025-11-27 09:44:09,775 - INFO - Data folder: data
2025-11-27 09:44:09,776 - INFO - Environment: {
  "timestamp": "2025-11-27T09:44:09.776502",
  "python_version": "3.11.2 (tags/v3.11.2:878ead1, Feb  7 2023, 16:38:35) [MSC v.1934 64 bit (AMD64)]",
  "pandas_version": "2.3.3",
  "numpy_version": "1.26.4"
}
2025-11-27 09:44:09,776 - INFO - ============================================================
2025-11-27 09:44:09,776 - INFO - PREPROCESSING PIPELINE
2025-11-27 09:44:09,776 - INFO - ============================================================
2025-11-27 09:44:09,781 - INFO - Loaded GEO data: 142 records from data\DATA_GEO_Train.csv
2025-11-27 09:44:09,783 - INFO - Loaded MEO data: 90 records from data\DATA_MEO_Train.csv
2025-11-27 09:44:09,787 - INFO - Loaded MEO data: 244 records from data\DATA_MEO_Train2.csv
2025-11-27 09:44:09,788 - INFO - Combined MEO data: 334 total records
2025-11-27 09:44:09,788 - INFO - 
Processing GEO data...
2025-11-27 09:44:09,791 - INFO - 
  Satellite: GEO_01
2025-11-27 09:44:09,796 - INFO - Resampled to 648 15-minute intervals
2025-11-27 09:44:09,798 - INFO - Train: 628 records (until 2025-09-07 18:45:00)
2025-11-27 09:44:09,798 - INFO - Test: 0 records (from 2025-09-08 00:00:00)
2025-11-27 09:44:09,798 - INFO - Train data with measurements: 361 of 628
2025-11-27 09:44:09,827 - INFO -   Saved to temp\GEO_01_timeseries.parquet
2025-11-27 09:44:09,827 - INFO - 
Processing MEO data...
2025-11-27 09:44:09,830 - WARNING - Found 145 duplicate timestamps, averaging values
2025-11-27 09:44:09,832 - INFO - 
  Satellite: MEO_01
2025-11-27 09:44:09,839 - INFO - Resampled to 760 15-minute intervals
2025-11-27 09:44:09,842 - INFO - Train: 719 records (until 2025-09-09 01:30:00)
2025-11-27 09:44:09,842 - INFO - Test: 144 records (from 2025-09-08 00:00:00)
2025-11-27 09:44:09,842 - INFO - Train data with measurements: 215 of 719
2025-11-27 09:44:09,849 - INFO -   Saved to temp\MEO_01_timeseries.parquet
2025-11-27 09:44:09,849 - INFO - 
[OK] Preprocessed 2 satellites
2025-11-27 09:44:09,849 - INFO - 
============================================================
2025-11-27 09:44:09,849 - INFO - TRAINING KALMAN FILTERS
2025-11-27 09:44:09,849 - INFO - ============================================================
2025-11-27 09:44:09,849 - INFO - 
Training GEO_01...
2025-11-27 09:44:09,850 - INFO - Starting Q/R tuning via grid search...
2025-11-27 09:44:09,851 - INFO -   Train subset: 533, Validation: 95
2025-11-27 09:44:09,852 - INFO - Estimated R diagonal: [5.364044031511646, 9.811296045645747, 8.602587265813659, 6.323725323989246]
2025-11-27 09:44:09,876 - INFO -   Q_scale=  0.01, MAE=7.053792
2025-11-27 09:44:09,895 - INFO -   Q_scale=  0.10, MAE=7.053519
2025-11-27 09:44:09,919 - INFO -   Q_scale=  1.00, MAE=7.053488
2025-11-27 09:44:09,939 - INFO -   Q_scale= 10.00, MAE=7.053443
2025-11-27 09:44:09,960 - INFO -   Q_scale=100.00, MAE=7.053025
2025-11-27 09:44:09,960 - INFO - [OK] Best Q scale found, Validation MAE: 7.053025
2025-11-27 09:44:09,962 - INFO - Saved model parameters for GEO_01 to models\kalman_params_GEO_01.pkl
2025-11-27 09:44:09,962 - INFO - [OK] GEO_01 training complete
2025-11-27 09:44:09,962 - INFO - 
Training MEO_01...
2025-11-27 09:44:09,962 - INFO - Starting Q/R tuning via grid search...
2025-11-27 09:44:09,963 - INFO -   Train subset: 611, Validation: 108
2025-11-27 09:44:09,964 - INFO - Estimated R diagonal: [0.07150409166577387, 0.21102824615916205, 0.3483652297653239, 0.10026700927611389]
2025-11-27 09:44:09,999 - INFO -   Q_scale=  0.01, MAE=inf
2025-11-27 09:44:10,031 - INFO -   Q_scale=  0.10, MAE=inf
2025-11-27 09:44:10,048 - INFO -   Q_scale=  1.00, MAE=inf
2025-11-27 09:44:10,061 - INFO -   Q_scale= 10.00, MAE=inf
2025-11-27 09:44:10,075 - INFO -   Q_scale=100.00, MAE=inf
2025-11-27 09:44:10,075 - WARNING -   Grid search failed, using defaults
2025-11-27 09:44:10,076 - INFO - [OK] Best Q scale found, Validation MAE: inf
2025-11-27 09:44:10,077 - INFO - Saved model parameters for MEO_01 to models\kalman_params_MEO_01.pkl
2025-11-27 09:44:10,077 - INFO - [OK] MEO_01 training complete
2025-11-27 09:44:10,077 - INFO - 
[OK] Trained 2 satellites
2025-11-27 09:44:10,077 - INFO - 
============================================================
2025-11-27 09:44:10,078 - INFO - GENERATING DAY 8 PREDICTIONS
2025-11-27 09:44:10,078 - INFO - ============================================================
2025-11-27 09:44:10,079 - INFO - Generating Day 8 forecast for GEO_01...
2025-11-27 09:44:10,166 - INFO -   Generated 96 predictions
2025-11-27 09:44:10,169 - INFO - Generating Day 8 forecast for MEO_01...
2025-11-27 09:44:10,237 - INFO -   Generated 96 predictions
2025-11-27 09:44:10,241 - INFO - [OK] Saved GEO predictions to outputs\predictions_day8_geo.csv
2025-11-27 09:44:10,243 - INFO - [OK] Saved MEO predictions to outputs\predictions_day8_meo.csv
2025-11-27 09:44:10,243 - INFO - 
============================================================
2025-11-27 09:44:10,243 - INFO - EVALUATION
2025-11-27 09:44:10,243 - INFO - ============================================================
2025-11-27 09:44:10,244 - WARNING - No test data for GEO_01
2025-11-27 09:44:10,244 - INFO - Evaluating MEO_01...
2025-11-27 09:44:10,246 - WARNING -   No matching timestamps for evaluation
2025-11-27 09:44:10,246 - INFO - 
Generating plots...
2025-11-27 09:44:11,029 - INFO -   Saved plot to results\figures\GEO_01_predictions.png
2025-11-27 09:44:11,680 - INFO -   Saved plot to results\figures\MEO_01_predictions.png
2025-11-27 09:44:11,681 - INFO - Saved README to outputs/README_autogenerated.txt
2025-11-27 09:44:11,681 - INFO - 
============================================================
2025-11-27 09:44:11,681 - INFO - PIPELINE COMPLETE
2025-11-27 09:44:11,681 - INFO - ============================================================
2025-11-27 09:44:11,681 - INFO - [OK] Processed 2 satellites
2025-11-27 09:44:11,681 - INFO - Outputs: outputs/, models/, results/
2025-11-27 09:44:11,682 - INFO - ============================================================
